<?xml version="1.0" encoding="UTF-8"?>
<!-- Generated by org.testng.reporters.JUnitReportReporter -->
<testsuite hostname="TCS" failures="0" tests="1" name="Selenium1.TestNg1" time="0.029" errors="0" timestamp="2023-11-28T12:13:40 IST" skipped="0">
  <testcase classname="Selenium1.TestNg1" name="atif" time="0.029"/>
</testsuite> <!-- Selenium1.TestNg1 -->
